2026-02-15 12:38:18 [src.utils] DEBUG: Начало загрузки транзакций. Файл: 'D:\\shcool\\pythonProject1\\data\\operations.json'
2026-02-15 12:38:18 [src.utils] INFO: Успешно загружено 101 транзакций из файла: 'D:\\shcool\\pythonProject1\\data\\operations.json'
2026-02-15 12:38:38 [src.masks] INFO: Пробелы удалены. Очищенный номер счёта: 33407225454123927865
2026-02-15 12:38:38 [src.masks] INFO: Номер счёта успешно замаскирован: **7865
2026-02-15 12:38:38 [src.masks] INFO: Пробелы удалены. Очищенный номер счёта: 79619011266276091215
2026-02-15 12:38:38 [src.masks] INFO: Номер счёта успешно замаскирован: **1215
2026-02-15 12:38:38 [src.masks] INFO: Пробелы удалены. Очищенный номер: 4598300720424501
2026-02-15 12:38:38 [src.masks] INFO: Номер карты успешно замаскирован: 4598 30** **** 4501
2026-02-15 12:38:38 [src.masks] INFO: Пробелы удалены. Очищенный номер счёта: 43597928997568165086
2026-02-15 12:38:38 [src.masks] INFO: Номер счёта успешно замаскирован: **5086
2026-02-15 12:38:38 [src.masks] INFO: Пробелы удалены. Очищенный номер счёта: 37653295304860108767
2026-02-15 12:38:38 [src.masks] INFO: Номер счёта успешно замаскирован: **8767
2026-02-15 12:38:38 [src.masks] INFO: Пробелы удалены. Очищенный номер: 4047671689373225
2026-02-15 12:38:38 [src.masks] INFO: Номер карты успешно замаскирован: 4047 67** **** 3225
2026-02-15 12:38:38 [src.masks] INFO: Пробелы удалены. Очищенный номер: 3806652527413662
2026-02-15 12:38:38 [src.masks] INFO: Номер карты успешно замаскирован: 3806 65** **** 3662
2026-02-15 12:38:38 [src.masks] INFO: Пробелы удалены. Очищенный номер: 9175985085449563
2026-02-15 12:38:38 [src.masks] INFO: Номер карты успешно замаскирован: 9175 98** **** 9563
2026-02-15 12:38:38 [src.masks] INFO: Пробелы удалены. Очищенный номер счёта: 82781399328834147668
2026-02-15 12:38:38 [src.masks] INFO: Номер счёта успешно замаскирован: **7668
2026-02-15 12:38:38 [src.masks] INFO: Пробелы удалены. Очищенный номер: 7022985698476865
2026-02-15 12:38:38 [src.masks] INFO: Номер карты успешно замаскирован: 7022 98** **** 6865
2026-02-15 12:38:38 [src.masks] INFO: Пробелы удалены. Очищенный номер счёта: 60979028617970883410
2026-02-15 12:38:38 [src.masks] INFO: Номер счёта успешно замаскирован: **3410
2026-02-15 12:38:38 [src.masks] INFO: Пробелы удалены. Очищенный номер счёта: 26406253703545413262
2026-02-15 12:38:38 [src.masks] INFO: Номер счёта успешно замаскирован: **3262
2026-02-15 12:38:38 [src.masks] INFO: Пробелы удалены. Очищенный номер счёта: 20735820461482021315
2026-02-15 12:38:38 [src.masks] INFO: Номер счёта успешно замаскирован: **1315
2026-02-15 12:38:38 [src.masks] INFO: Пробелы удалены. Очищенный номер счёта: 41421565395219882431
2026-02-15 12:38:38 [src.masks] INFO: Номер счёта успешно замаскирован: **2431
2026-02-15 12:38:38 [src.masks] INFO: Пробелы удалены. Очищенный номер счёта: 27248529432547658655
2026-02-15 12:38:38 [src.masks] INFO: Номер счёта успешно замаскирован: **8655
2026-02-15 12:38:38 [src.masks] INFO: Пробелы удалены. Очищенный номер счёта: 97584898735659638967
2026-02-15 12:38:38 [src.masks] INFO: Номер счёта успешно замаскирован: **8967
2026-02-15 12:38:38 [src.masks] INFO: Пробелы удалены. Очищенный номер: 3530191547567121
2026-02-15 12:38:38 [src.masks] INFO: Номер карты успешно замаскирован: 3530 19** **** 7121
2026-02-15 12:38:38 [src.masks] INFO: Пробелы удалены. Очищенный номер счёта: 46878338893256147528
2026-02-15 12:38:38 [src.masks] INFO: Номер счёта успешно замаскирован: **7528
2026-02-15 12:38:38 [src.masks] INFO: Пробелы удалены. Очищенный номер: 9454780748494532
2026-02-15 12:38:38 [src.masks] INFO: Номер карты успешно замаскирован: 9454 78** **** 4532
2026-02-15 12:38:38 [src.masks] INFO: Пробелы удалены. Очищенный номер счёта: 51958934737718181351
2026-02-15 12:38:38 [src.masks] INFO: Номер счёта успешно замаскирован: **1351
2026-02-15 12:38:38 [src.masks] INFO: Пробелы удалены. Очищенный номер: 4062745111784804
2026-02-15 12:38:38 [src.masks] INFO: Номер карты успешно замаскирован: 4062 74** **** 4804
2026-02-15 12:38:38 [src.masks] INFO: Пробелы удалены. Очищенный номер: 8602249654751155
2026-02-15 12:38:38 [src.masks] INFO: Номер карты успешно замаскирован: 8602 24** **** 1155
2026-02-15 12:38:38 [src.masks] INFO: Пробелы удалены. Очищенный номер счёта: 72082042523231456215
2026-02-15 12:38:38 [src.masks] INFO: Номер счёта успешно замаскирован: **6215
2026-02-15 12:38:38 [src.masks] INFO: Пробелы удалены. Очищенный номер счёта: 12189246980267075758
2026-02-15 12:38:38 [src.masks] INFO: Номер счёта успешно замаскирован: **5758
2026-02-15 12:38:38 [src.masks] INFO: Пробелы удалены. Очищенный номер счёта: 18125798580985711166
2026-02-15 12:38:38 [src.masks] INFO: Номер счёта успешно замаскирован: **1166
2026-02-15 12:38:38 [src.masks] INFO: Пробелы удалены. Очищенный номер счёта: 98841213648056852372
2026-02-15 12:38:38 [src.masks] INFO: Номер счёта успешно замаскирован: **2372
2026-02-15 12:38:38 [src.masks] INFO: Пробелы удалены. Очищенный номер счёта: 23177857685058835559
2026-02-15 12:38:38 [src.masks] INFO: Номер счёта успешно замаскирован: **5559
2026-02-15 12:38:38 [src.masks] INFO: Пробелы удалены. Очищенный номер счёта: 56363465303962313778
2026-02-15 12:38:38 [src.masks] INFO: Номер счёта успешно замаскирован: **3778
2026-02-15 12:38:38 [src.masks] INFO: Пробелы удалены. Очищенный номер счёта: 77977573135347241529
2026-02-15 12:38:38 [src.masks] INFO: Номер счёта успешно замаскирован: **1529
2026-02-15 12:38:38 [src.masks] INFO: Пробелы удалены. Очищенный номер счёта: 33062909508148771891
2026-02-15 12:38:38 [src.masks] INFO: Номер счёта успешно замаскирован: **1891
2026-02-15 12:38:38 [src.masks] INFO: Пробелы удалены. Очищенный номер счёта: 46363668439560358409
2026-02-15 12:38:38 [src.masks] INFO: Номер счёта успешно замаскирован: **8409
2026-02-15 12:38:38 [src.masks] INFO: Пробелы удалены. Очищенный номер счёта: 18889008294666828266
2026-02-15 12:38:38 [src.masks] INFO: Номер счёта успешно замаскирован: **8266
2026-02-15 12:38:38 [src.masks] INFO: Пробелы удалены. Очищенный номер: 6216537926639975
2026-02-15 12:38:38 [src.masks] INFO: Номер карты успешно замаскирован: 6216 53** **** 9975
2026-02-15 12:38:38 [src.masks] INFO: Пробелы удалены. Очищенный номер счёта: 67667879435628279708
2026-02-15 12:38:38 [src.masks] INFO: Номер счёта успешно замаскирован: **9708
2026-02-15 12:38:38 [src.masks] INFO: Пробелы удалены. Очищенный номер: 8847384717023026
2026-02-15 12:38:38 [src.masks] INFO: Номер карты успешно замаскирован: 8847 38** **** 3026
2026-02-15 12:38:38 [src.masks] INFO: Пробелы удалены. Очищенный номер счёта: 85458008326755993377
2026-02-15 12:38:38 [src.masks] INFO: Номер счёта успешно замаскирован: **3377
2026-02-15 12:38:38 [src.masks] INFO: Пробелы удалены. Очищенный номер счёта: 44812258784861134719
2026-02-15 12:38:38 [src.masks] INFO: Номер счёта успешно замаскирован: **4719
2026-02-15 12:38:38 [src.masks] INFO: Пробелы удалены. Очищенный номер счёта: 74489636417521191160
2026-02-15 12:38:38 [src.masks] INFO: Номер счёта успешно замаскирован: **1160
2026-02-15 12:38:38 [src.masks] INFO: Пробелы удалены. Очищенный номер: 8193813157568899
2026-02-15 12:38:38 [src.masks] INFO: Номер карты успешно замаскирован: 8193 81** **** 8899
2026-02-15 12:38:38 [src.masks] INFO: Пробелы удалены. Очищенный номер: 9425591958944146
2026-02-15 12:38:38 [src.masks] INFO: Номер карты успешно замаскирован: 9425 59** **** 4146
2026-02-15 12:38:38 [src.masks] INFO: Пробелы удалены. Очищенный номер: 9171987821259925
2026-02-15 12:38:38 [src.masks] INFO: Номер карты успешно замаскирован: 9171 98** **** 9925
2026-02-15 12:38:38 [src.masks] INFO: Пробелы удалены. Очищенный номер: 2052809263194182
2026-02-15 12:38:38 [src.masks] INFO: Номер карты успешно замаскирован: 2052 80** **** 4182
2026-02-15 12:38:38 [src.masks] INFO: Пробелы удалены. Очищенный номер счёта: 27921306202254867520
2026-02-15 12:38:38 [src.masks] INFO: Номер счёта успешно замаскирован: **7520
2026-02-15 12:38:38 [src.masks] INFO: Пробелы удалены. Очищенный номер счёта: 49884962711830774470
2026-02-15 12:38:38 [src.masks] INFO: Номер счёта успешно замаскирован: **4470
2026-02-15 12:38:38 [src.masks] INFO: Пробелы удалены. Очищенный номер: 8201420097886664
2026-02-15 12:38:38 [src.masks] INFO: Номер карты успешно замаскирован: 8201 42** **** 6664
2026-02-15 12:38:38 [src.masks] INFO: Пробелы удалены. Очищенный номер счёта: 35116633516390079956
2026-02-15 12:38:38 [src.masks] INFO: Номер счёта успешно замаскирован: **9956
2026-02-15 12:38:38 [src.masks] INFO: Пробелы удалены. Очищенный номер счёта: 90817634362091276762
2026-02-15 12:38:38 [src.masks] INFO: Номер счёта успешно замаскирован: **6762
2026-02-15 12:38:38 [src.masks] INFO: Пробелы удалены. Очищенный номер счёта: 59956820797131895975
2026-02-15 12:38:38 [src.masks] INFO: Номер счёта успешно замаскирован: **5975
2026-02-15 12:38:38 [src.masks] INFO: Пробелы удалены. Очищенный номер счёта: 43475624104328495820
2026-02-15 12:38:38 [src.masks] INFO: Номер счёта успешно замаскирован: **5820
2026-02-15 12:38:38 [src.masks] INFO: Пробелы удалены. Очищенный номер: 3589276410671603
2026-02-15 12:38:38 [src.masks] INFO: Номер карты успешно замаскирован: 3589 27** **** 1603
2026-02-15 12:38:38 [src.masks] INFO: Пробелы удалены. Очищенный номер счёта: 96292138399386853355
2026-02-15 12:38:38 [src.masks] INFO: Номер счёта успешно замаскирован: **3355
2026-02-15 12:38:38 [src.masks] INFO: Пробелы удалены. Очищенный номер: 1308795367077170
2026-02-15 12:38:38 [src.masks] INFO: Номер карты успешно замаскирован: 1308 79** **** 7170
2026-02-15 12:38:38 [src.masks] INFO: Пробелы удалены. Очищенный номер счёта: 96527012349577388612
2026-02-15 12:38:38 [src.masks] INFO: Номер счёта успешно замаскирован: **8612
2026-02-15 12:38:38 [src.masks] INFO: Пробелы удалены. Очищенный номер: 6942697754917688
2026-02-15 12:38:38 [src.masks] INFO: Номер карты успешно замаскирован: 6942 69** **** 7688
2026-02-15 12:38:38 [src.masks] INFO: Пробелы удалены. Очищенный номер: 2956603572573342
2026-02-15 12:38:38 [src.masks] INFO: Номер карты успешно замаскирован: 2956 60** **** 3342
2026-02-15 12:38:38 [src.masks] INFO: Пробелы удалены. Очищенный номер счёта: 33721541831646393763
2026-02-15 12:38:38 [src.masks] INFO: Номер счёта успешно замаскирован: **3763
2026-02-15 12:38:38 [src.masks] INFO: Пробелы удалены. Очищенный номер счёта: 68774571780974952778
2026-02-15 12:38:38 [src.masks] INFO: Номер счёта успешно замаскирован: **2778
2026-02-15 12:38:38 [src.masks] INFO: Пробелы удалены. Очищенный номер счёта: 99668626339273709694
2026-02-15 12:38:38 [src.masks] INFO: Номер счёта успешно замаскирован: **9694
2026-02-15 12:38:38 [src.masks] INFO: Пробелы удалены. Очищенный номер счёта: 27219929444683698245
2026-02-15 12:38:38 [src.masks] INFO: Номер счёта успешно замаскирован: **8245
2026-02-15 12:38:38 [src.masks] INFO: Пробелы удалены. Очищенный номер счёта: 65298957349197687907
2026-02-15 12:38:38 [src.masks] INFO: Номер счёта успешно замаскирован: **7907
2026-02-15 12:38:38 [src.masks] INFO: Пробелы удалены. Очищенный номер счёта: 38784565940893479418
2026-02-15 12:38:38 [src.masks] INFO: Номер счёта успешно замаскирован: **9418
2026-02-15 12:38:38 [src.masks] INFO: Пробелы удалены. Очищенный номер: 8826230888662405
2026-02-15 12:38:38 [src.masks] INFO: Номер карты успешно замаскирован: 8826 23** **** 2405
2026-02-15 12:38:38 [src.masks] INFO: Пробелы удалены. Очищенный номер счёта: 96119739109420349721
2026-02-15 12:38:38 [src.masks] INFO: Номер счёта успешно замаскирован: **9721
2026-02-15 12:38:38 [src.masks] INFO: Пробелы удалены. Очищенный номер: 1596837868705199
2026-02-15 12:38:38 [src.masks] INFO: Номер карты успешно замаскирован: 1596 83** **** 5199
2026-02-15 12:38:38 [src.masks] INFO: Пробелы удалены. Очищенный номер счёта: 64686473678894779589
2026-02-15 12:38:38 [src.masks] INFO: Номер счёта успешно замаскирован: **9589
2026-02-15 12:38:38 [src.masks] INFO: Пробелы удалены. Очищенный номер: 4284341727554246
2026-02-15 12:38:38 [src.masks] INFO: Номер карты успешно замаскирован: 4284 34** **** 4246
2026-02-15 12:38:38 [src.masks] INFO: Пробелы удалены. Очищенный номер: 1582474475547301
2026-02-15 12:38:38 [src.masks] INFO: Номер карты успешно замаскирован: 1582 47** **** 7301
2026-02-15 12:38:38 [src.masks] INFO: Пробелы удалены. Очищенный номер: 7756673469642839
2026-02-15 12:38:38 [src.masks] INFO: Номер карты успешно замаскирован: 7756 67** **** 2839
2026-02-15 12:38:38 [src.masks] INFO: Пробелы удалены. Очищенный номер счёта: 48943806953649539453
2026-02-15 12:38:38 [src.masks] INFO: Номер счёта успешно замаскирован: **9453
2026-02-15 12:38:38 [src.masks] INFO: Пробелы удалены. Очищенный номер счёта: 77613226829885488381
2026-02-15 12:38:38 [src.masks] INFO: Номер счёта успешно замаскирован: **8381
2026-02-15 12:38:38 [src.masks] INFO: Пробелы удалены. Очищенный номер счёта: 38611439522855669794
2026-02-15 12:38:38 [src.masks] INFO: Номер счёта успешно замаскирован: **9794
2026-02-15 12:38:38 [src.masks] INFO: Пробелы удалены. Очищенный номер счёта: 46765464282437878125
2026-02-15 12:38:38 [src.masks] INFO: Номер счёта успешно замаскирован: **8125
2026-02-15 12:38:38 [src.masks] INFO: Пробелы удалены. Очищенный номер: 7810846596785568
2026-02-15 12:38:38 [src.masks] INFO: Номер карты успешно замаскирован: 7810 84** **** 5568
2026-02-15 12:38:38 [src.masks] INFO: Пробелы удалены. Очищенный номер счёта: 43241152692663622869
2026-02-15 12:38:38 [src.masks] INFO: Номер счёта успешно замаскирован: **2869
